

times in msec
 clock   self+sourced   self:  sourced script
 clock   elapsed:              other lines

000.009  000.009: --- NVIM STARTING ---
000.099  000.090: event init
000.205  000.105: early init
000.257  000.053: locale set
000.305  000.048: init first window
000.653  000.348: inits 1
000.671  000.017: window checked
000.674  000.003: parsing arguments
001.359  000.095  000.095: require('vim.shared')
001.532  000.065  000.065: require('vim._meta')
001.535  000.172  000.106: require('vim._editor')
001.537  000.340  000.073: require('vim._init_packages')
001.540  000.526: init lua interpreter
001.621  000.081: expanding arguments
001.664  000.043: inits 2
002.074  000.410: init highlight
002.076  000.002: waiting for UI
002.325  000.249: done waiting for UI
002.337  000.012: clear screen
002.570  000.233: init default mappings & autocommands
003.461  000.078  000.078: sourcing /squashfs-root/usr/share/nvim/runtime/ftplugin.vim
003.593  000.035  000.035: sourcing /squashfs-root/usr/share/nvim/runtime/indent.vim
003.808  000.012  000.012: require('vim.keymap')
004.088  000.364  000.352: require('marcus.remap')
011.902  007.812  007.812: require('marcus.set')
011.909  008.232  000.057: require('marcus')
011.916  008.258  000.026: sourcing /home/marcus/.config/nvim/init.lua
011.922  000.982: sourcing vimrc file(s)
012.427  000.014  000.014: sourcing /home/marcus/.local/share/nvim/site/pack/packer/start/vim-fugitive/ftdetect/fugitive.vim
012.606  000.550  000.535: sourcing /squashfs-root/usr/share/nvim/runtime/filetype.lua
012.859  000.103  000.103: sourcing /squashfs-root/usr/share/nvim/runtime/syntax/synload.vim
013.025  000.375  000.272: sourcing /squashfs-root/usr/share/nvim/runtime/syntax/syntax.vim
013.796  000.144  000.144: sourcing /squashfs-root/usr/share/nvim/runtime/plugin/gzip.vim
013.814  000.007  000.007: sourcing /squashfs-root/usr/share/nvim/runtime/plugin/health.vim
014.203  000.168  000.168: sourcing /squashfs-root/usr/share/nvim/runtime/pack/dist/opt/matchit/plugin/matchit.vim
014.269  000.444  000.277: sourcing /squashfs-root/usr/share/nvim/runtime/plugin/matchit.vim
014.411  000.132  000.132: sourcing /squashfs-root/usr/share/nvim/runtime/plugin/matchparen.vim
014.735  000.314  000.314: sourcing /squashfs-root/usr/share/nvim/runtime/plugin/netrwPlugin.vim
014.889  000.006  000.006: sourcing /home/marcus/.local/share/nvim/rplugin.vim
014.894  000.130  000.124: sourcing /squashfs-root/usr/share/nvim/runtime/plugin/rplugin.vim
014.956  000.048  000.048: sourcing /squashfs-root/usr/share/nvim/runtime/plugin/shada.vim
014.991  000.015  000.015: sourcing /squashfs-root/usr/share/nvim/runtime/plugin/spellfile.vim
015.084  000.079  000.079: sourcing /squashfs-root/usr/share/nvim/runtime/plugin/tarPlugin.vim
015.168  000.067  000.067: sourcing /squashfs-root/usr/share/nvim/runtime/plugin/tohtml.vim
015.194  000.010  000.010: sourcing /squashfs-root/usr/share/nvim/runtime/plugin/tutor.vim
015.312  000.106  000.106: sourcing /squashfs-root/usr/share/nvim/runtime/plugin/zipPlugin.vim
016.550  000.081  000.081: require('rose-pine.config')
016.555  000.199  000.118: require('rose-pine')
017.199  000.620  000.620: require('rose-pine.theme')
017.334  000.133  000.133: require('rose-pine.util')
017.403  000.067  000.067: require('rose-pine.palette')
019.176  002.835  001.816: sourcing /home/marcus/.local/share/nvim/site/pack/packer/start/rose-pine/colors/rose-pine.lua
019.189  003.813  000.978: sourcing /home/marcus/.config/nvim/plugin/packer_compiled.lua
019.413  000.051  000.051: sourcing /squashfs-root/usr/share/nvim/runtime/plugin/editorconfig.lua
019.462  000.039  000.039: sourcing /squashfs-root/usr/share/nvim/runtime/plugin/man.lua
019.496  000.026  000.026: sourcing /squashfs-root/usr/share/nvim/runtime/plugin/nvim.lua
019.505  001.234: loading rtp plugins
019.662  000.028  000.028: sourcing /home/marcus/.local/share/nvim/site/pack/packer/start/LuaSnip/plugin/luasnip.vim
020.568  000.821  000.821: require('vim.filetype')
021.123  000.032  000.032: require('luasnip.util.types')
021.217  000.091  000.091: require('luasnip.util.ext_opts')
021.767  000.027  000.027: require('luasnip.session')
022.122  000.801  000.775: require('luasnip.util.util')
022.125  000.871  000.070: require('luasnip.extras.filetype_functions')
022.282  001.454  000.460: require('luasnip.config')
022.753  000.026  000.026: require('luasnip.session.snippet_collection.source')
022.757  000.147  000.121: require('luasnip.session.snippet_collection')
023.001  000.173  000.173: require('luasnip.util._builtin_vars')
023.052  000.049  000.049: require('vim.inspect')
023.074  000.316  000.094: require('luasnip.util.environ')
023.113  000.038  000.038: require('luasnip.util.extend_decorator')
023.223  000.027  000.027: require('luasnip.loaders._caches')
023.406  000.092  000.092: require('luasnip.util.path')
023.409  000.184  000.092: require('luasnip.loaders.util')
023.425  000.311  000.100: require('luasnip.loaders')
023.510  000.080  000.080: require('luasnip.util.log')
023.520  001.227  000.336: require('luasnip')
023.541  003.845  000.343: sourcing /home/marcus/.local/share/nvim/site/pack/packer/start/LuaSnip/plugin/luasnip.lua
023.660  000.045  000.045: sourcing /home/marcus/.local/share/nvim/site/pack/packer/start/formatter.nvim/plugin/formatter.vim
023.755  000.020  000.020: sourcing /home/marcus/.local/share/nvim/site/pack/packer/start/lsp-zero.nvim/plugin/lsp-zero.lua
023.954  000.071  000.071: require('cmp.utils.api')
024.024  000.040  000.040: require('cmp.types.cmp')
024.235  000.113  000.113: require('cmp.utils.misc')
024.292  000.267  000.154: require('cmp.types.lsp')
024.318  000.025  000.025: require('cmp.types.vim')
024.319  000.363  000.032: require('cmp.types')
024.359  000.039  000.039: require('cmp.utils.highlight')
024.437  000.030  000.030: require('cmp.utils.debug')
024.445  000.085  000.055: require('cmp.utils.autocmd')
024.595  000.773  000.215: sourcing /home/marcus/.local/share/nvim/site/pack/packer/start/nvim-cmp/plugin/cmp.lua
026.172  000.199  000.199: require('vim.lsp.log')
026.638  000.463  000.463: require('vim.lsp.protocol')
027.923  000.327  000.327: require('vim.lsp._snippet')
028.041  000.116  000.116: require('vim.highlight')
028.048  000.004  000.004: require('vim.F')
028.070  001.430  000.983: require('vim.lsp.util')
028.094  002.443  000.351: require('vim.lsp.handlers')
028.495  000.399  000.399: require('vim.lsp.rpc')
028.677  000.181  000.181: require('vim.lsp.sync')
029.033  000.355  000.355: require('vim.lsp.semantic_tokens')
029.440  000.405  000.405: require('vim.lsp.buf')
029.604  000.163  000.163: require('vim.lsp.diagnostic')
029.803  000.198  000.198: require('vim.lsp.codelens')
029.877  005.119  000.976: require('vim.lsp')
030.123  000.242  000.242: require('vim.version')
031.377  006.715  001.354: sourcing /home/marcus/.local/share/nvim/site/pack/packer/start/nvim-lspconfig/plugin/lspconfig.lua
032.094  000.109  000.109: require('nvim-treesitter.utils')
033.392  000.087  000.087: require('vim.treesitter.language')
033.401  000.356  000.269: require('vim.treesitter.query')
033.490  000.088  000.088: require('vim.treesitter._range')
033.495  000.762  000.318: require('vim.treesitter.languagetree')
033.500  000.968  000.206: require('vim.treesitter')
033.741  001.644  000.676: require('nvim-treesitter.parsers')
034.341  000.050  000.050: require('nvim-treesitter.compat')
034.719  000.281  000.281: require('nvim-treesitter.ts_utils')
034.725  000.381  000.100: require('nvim-treesitter.tsrange')
034.779  000.053  000.053: require('nvim-treesitter.caching')
034.788  000.686  000.203: require('nvim-treesitter.query')
034.798  000.922  000.236: require('nvim-treesitter.configs')
034.800  001.056  000.134: require('nvim-treesitter.info')
034.970  000.169  000.169: require('nvim-treesitter.shell_command_selectors')
034.998  003.385  000.407: require('nvim-treesitter.install')
035.054  000.054  000.054: require('nvim-treesitter.statusline')
035.189  000.134  000.134: require('nvim-treesitter.query_predicates')
035.191  003.625  000.052: require('nvim-treesitter')
035.511  003.975  000.350: sourcing /home/marcus/.local/share/nvim/site/pack/packer/start/nvim-treesitter/plugin/nvim-treesitter.lua
035.753  000.067  000.067: require('nvim-treesitter-playground')
035.814  000.160  000.093: sourcing /home/marcus/.local/share/nvim/site/pack/packer/start/playground/plugin/nvim-treesitter-playground.lua
035.882  000.030  000.030: sourcing /home/marcus/.local/share/nvim/site/pack/packer/start/plenary.nvim/plugin/plenary.vim
036.227  000.268  000.268: sourcing /home/marcus/.local/share/nvim/site/pack/packer/start/telescope.nvim/plugin/telescope.lua
036.370  000.093  000.093: sourcing /home/marcus/.local/share/nvim/site/pack/packer/start/undotree/plugin/undotree.vim
037.076  000.650  000.650: sourcing /home/marcus/.local/share/nvim/site/pack/packer/start/vim-fugitive/plugin/fugitive.vim
037.171  001.064: loading packages
037.517  000.102  000.102: require('cmp_nvim_lsp.source')
037.523  000.225  000.123: require('cmp_nvim_lsp')
037.544  000.267  000.042: sourcing /home/marcus/.local/share/nvim/site/pack/packer/start/cmp-nvim-lsp/after/plugin/cmp_nvim_lsp.lua
037.685  000.019  000.019: sourcing /home/marcus/.config/nvim/after/plugin/colors.lua
037.864  000.145  000.145: require('formatter.util')
037.969  000.065  000.065: require('formatter.config')
038.028  000.056  000.056: require('formatter.log')
038.029  000.162  000.041: require('formatter')
038.610  000.048  000.048: require('formatter.defaults.alejandra')
038.638  000.022  000.022: require('formatter.defaults.astyle')
038.658  000.018  000.018: require('formatter.defaults.clangformat')
038.681  000.022  000.022: require('formatter.defaults.denofmt')
038.696  000.013  000.013: require('formatter.defaults.esformatter')
038.715  000.017  000.017: require('formatter.defaults.eslint_d')
038.728  000.012  000.012: require('formatter.defaults.fishindent')
038.743  000.013  000.013: require('formatter.defaults.jsbeautify')
038.760  000.015  000.015: require('formatter.defaults.ktlint')
038.775  000.014  000.014: require('formatter.defaults.latexindent')
038.819  000.014  000.014: require('formatter.defaults.mixformat')
038.846  000.015  000.015: require('formatter.defaults.nixfmt')
038.861  000.013  000.013: require('formatter.defaults.nixpkgs_fmt')
038.891  000.017  000.017: require('formatter.defaults.ocamlformat')
038.906  000.013  000.013: require('formatter.defaults.php_cs_fixer')
038.922  000.014  000.014: require('formatter.defaults.phpcbf')
038.943  000.020  000.020: require('formatter.defaults.prettier')
038.961  000.016  000.016: require('formatter.defaults.prettierd')
038.980  000.018  000.018: require('formatter.defaults.prettiereslint')
039.000  000.018  000.018: require('formatter.defaults.prettydiff')
039.026  000.024  000.024: require('formatter.defaults.sed')
039.055  000.028  000.028: require('formatter.defaults.semistandard')
039.079  000.022  000.022: require('formatter.defaults.standard')
039.105  000.025  000.025: require('formatter.defaults.tsfmt')
039.122  000.016  000.016: require('formatter.defaults.uncrustify')
039.137  000.013  000.013: require('formatter.defaults.zigfmt')
039.138  001.077  000.597: require('formatter.defaults')
039.142  001.112  000.035: require('formatter.filetypes.javascript')
039.167  000.024  000.024: require('formatter.filetypes.json')
039.189  000.020  000.020: require('formatter.filetypes.typescript')
039.213  000.023  000.023: require('formatter.filetypes.javascriptreact')
039.291  001.593  000.106: sourcing /home/marcus/.config/nvim/after/plugin/formatter.lua
039.334  000.024  000.024: sourcing /home/marcus/.config/nvim/after/plugin/fugitive.lua
040.304  000.171  000.171: require('plenary.bit')
040.378  000.071  000.071: require('plenary.functional')
040.400  000.013  000.013: require('ffi')
040.412  000.740  000.484: require('plenary.path')
040.801  000.322  000.322: require('plenary.job')
040.803  000.390  000.068: require('harpoon.utils')
041.083  000.229  000.229: require('plenary.log')
041.119  000.315  000.086: require('harpoon.dev')
041.512  001.985  000.540: require('harpoon')
041.520  002.164  000.180: require('harpoon.mark')
042.255  000.133  000.133: require('plenary.strings')
042.274  000.320  000.187: require('plenary.window.border')
042.316  000.041  000.041: require('plenary.window')
042.360  000.042  000.042: require('plenary.popup.utils')
042.362  000.647  000.244: require('plenary.popup')
042.367  000.845  000.198: require('harpoon.ui')
042.471  003.127  000.117: sourcing /home/marcus/.config/nvim/after/plugin/harpoon.lua
042.940  000.212  000.212: require('lsp-zero.server')
043.491  000.470  000.470: require('lspconfig.util')
043.823  000.230  000.230: require('lspconfig.configs')
043.826  000.292  000.062: require('lspconfig')
043.938  001.380  000.407: require('lsp-zero')
043.996  000.057  000.057: require('lsp-zero.settings')
044.048  000.050  000.050: require('lsp-zero.preset')
044.168  000.042  000.042: require('lsp-zero.installer')
044.287  000.071  000.071: require('mason-core.path')
044.573  000.124  000.124: require('mason-core.functional')
044.703  000.032  000.032: require('mason-core.functional.data')
044.708  000.123  000.091: require('mason-core.functional.function')
044.821  000.103  000.103: require('mason-core.functional.relation')
044.902  000.070  000.070: require('mason-core.functional.logic')
044.926  000.638  000.218: require('mason-core.platform')
045.023  000.096  000.096: require('mason.settings')
045.024  000.855  000.051: require('mason')
045.515  000.217  000.217: require('mason-core.functional.list')
045.671  000.147  000.147: require('mason-core.functional.string')
045.715  000.678  000.314: require('mason.api.command')
045.875  000.154  000.154: require('mason-registry.sources')
046.283  000.170  000.170: require('mason-core.log')
046.324  000.039  000.039: require('mason-lspconfig.settings')
046.326  000.398  000.190: require('mason-lspconfig')
046.430  000.022  000.022: require('mason-lspconfig.notify')
046.432  000.092  000.069: require('mason-lspconfig.lspconfig_hook')
046.565  000.056  000.056: require('mason-core.functional.table')
046.604  000.170  000.115: require('mason-lspconfig.mappings.server')
046.761  000.047  000.047: require('mason-core.EventEmitter')
046.817  000.055  000.055: require('mason-core.optional')
047.009  000.110  000.110: require('mason-core.async')
047.036  000.026  000.026: require('mason-core.async.uv')
047.039  000.221  000.086: require('mason-core.fs')
047.051  000.446  000.123: require('mason-registry')
047.074  000.021  000.021: require('mason-lspconfig.server_config_extensions')
047.136  000.061  000.061: require('lspconfig.server_configurations.omnisharp')
047.496  000.036  000.036: require('mason-core.functional.number')
047.510  000.160  000.124: require('mason-lspconfig.api.command')
048.143  000.075  000.075: require('cmp.utils.char')
048.148  000.170  000.095: require('cmp.utils.str')
048.374  000.035  000.035: require('cmp.utils.buffer')
048.377  000.173  000.139: require('cmp.utils.keymap')
048.379  000.230  000.057: require('cmp.utils.feedkeys')
048.710  000.090  000.090: require('cmp.config.mapping')
048.747  000.037  000.037: require('cmp.utils.cache')
048.934  000.126  000.126: require('cmp.config.compare')
048.936  000.187  000.061: require('cmp.config.default')
048.945  000.436  000.122: require('cmp.config')
048.953  000.573  000.138: require('cmp.utils.async')
049.049  000.033  000.033: require('cmp.utils.pattern')
049.052  000.097  000.064: require('cmp.context')
049.614  000.116  000.116: require('cmp.matcher')
049.617  000.388  000.272: require('cmp.entry')
049.622  000.569  000.181: require('cmp.source')
049.774  000.039  000.039: require('cmp.utils.event')
050.035  000.030  000.030: require('cmp.utils.options')
050.038  000.180  000.150: require('cmp.utils.window')
050.040  000.265  000.085: require('cmp.view.docs_view')
050.281  000.240  000.240: require('cmp.view.custom_entries_view')
050.423  000.142  000.142: require('cmp.view.wildmenu_entries_view')
050.535  000.111  000.111: require('cmp.view.native_entries_view')
050.629  000.093  000.093: require('cmp.view.ghost_text_view')
050.635  001.012  000.123: require('cmp.view')
050.982  003.279  000.626: require('cmp.core')
051.083  000.034  000.034: require('cmp.config.sources')
051.117  000.032  000.032: require('cmp.config.window')
051.140  003.607  000.262: require('cmp')
051.275  000.133  000.133: require('lsp-zero.cmp')
051.557  000.202  000.202: require('lsp-zero.format')
051.632  000.057  000.057: require('lsp-zero.setup')
053.725  000.730  000.730: require('vim.diagnostic')
053.786  000.049  000.049: require('mason-lspconfig.ensure_installed')
054.268  000.089  000.089: require('mason-core.result')
054.306  000.250  000.161: require('mason-core.purl')
054.314  000.408  000.158: require('mason-core.package')
054.592  000.149  000.149: require('mason-core.process')
054.702  000.109  000.109: require('mason-core.spawn')
054.705  000.304  000.046: require('mason-core.managers.powershell')
054.732  000.027  000.027: require('mason.version')
054.734  000.419  000.088: require('mason-core.fetch')
054.789  000.054  000.054: require('mason-core.providers')
055.152  000.076  000.076: require('mason-core.installer.registry.expr')
055.158  000.232  000.156: require('mason-core.installer.registry.link')
055.762  000.078  000.078: require('mason-core.receipt')
055.776  000.276  000.198: require('mason-core.installer.context')
055.839  000.061  000.061: require('mason-core.async.control')
055.932  000.093  000.093: require('mason-core.installer.linker')
055.936  000.583  000.153: require('mason-core.installer')
055.953  000.733  000.151: require('mason-core.installer.managers.std')
055.954  000.795  000.062: require('mason-core.installer.registry.schemas')
056.014  000.059  000.059: require('mason-core.installer.registry.util')
056.020  001.230  000.143: require('mason-core.installer.registry')
056.026  002.234  000.124: require('mason-registry.sources.github')
058.943  000.047  000.047: require('lspconfig.server_configurations.cssls')
059.214  000.045  000.045: require('lspconfig.server_configurations.html')
059.467  000.114  000.114: require('lspconfig.server_configurations.rust_analyzer')
060.069  000.123  000.123: require('lspconfig.server_configurations.jdtls')
060.364  000.102  000.102: require('lspconfig.server_configurations.eslint')
060.596  000.040  000.040: require('lspconfig.server_configurations.marksman')
060.736  000.035  000.035: require('lspconfig.server_configurations.jsonls')
060.881  000.040  000.040: require('lspconfig.server_configurations.tsserver')
061.058  000.036  000.036: require('lspconfig.server_configurations.prismals')
061.217  000.047  000.047: require('lspconfig.server_configurations.svelte')
061.455  000.073  000.073: require('lspconfig.server_configurations.tailwindcss')
061.701  000.041  000.041: require('lspconfig.server_configurations.emmet_language_server')
061.928  000.064  000.064: require('lspconfig.server_configurations.lua_ls')
062.095  019.601  007.214: sourcing /home/marcus/.config/nvim/after/plugin/lsp.lua
062.948  000.055  000.055: require('plenary.tbl')
062.952  000.138  000.083: require('plenary.vararg.rotate')
062.953  000.172  000.035: require('plenary.vararg')
063.011  000.057  000.057: require('plenary.errors')
063.015  000.321  000.091: require('plenary.async.async')
063.085  000.070  000.070: require('plenary.async.structs')
063.090  000.520  000.130: require('plenary.async.control')
064.024  000.043  000.043: require('telescope.deprecated')
064.382  000.066  000.066: require('telescope.log')
064.726  000.052  000.052: require('telescope.state')
064.742  000.359  000.307: require('telescope.utils')
064.749  000.723  000.298: require('telescope.sorters')
065.923  002.178  001.411: require('telescope.config')
066.049  000.122  000.122: require('telescope.pickers.scroller')
066.116  000.064  000.064: require('telescope.actions.state')
066.217  000.100  000.100: require('telescope.actions.utils')
066.518  000.164  000.164: require('telescope.actions.mt')
066.534  000.316  000.151: require('telescope.actions.set')
066.775  000.125  000.125: require('telescope.config.resolve')
066.776  000.241  000.117: require('telescope.pickers.entry_display')
066.828  000.051  000.051: require('telescope.from_entry')
067.035  003.945  000.873: require('telescope.actions')
067.873  000.710  000.710: require('telescope.make_entry')
068.140  000.091  000.091: require('plenary.async.util')
068.143  000.138  000.047: require('plenary.async.tests')
068.145  000.198  000.060: require('plenary.async')
068.146  000.271  000.073: require('telescope.finders.async_static_finder')
068.447  000.055  000.055: require('plenary.class')
068.457  000.233  000.178: require('telescope._')
068.459  000.311  000.078: require('telescope.finders.async_oneshot_finder')
068.526  000.067  000.067: require('telescope.finders.async_job_finder')
068.530  001.493  000.134: require('telescope.finders')
069.646  000.089  000.089: require('telescope._extensions')
069.649  000.175  000.086: require('telescope')
069.844  000.193  000.193: require('telescope.debounce')
070.191  000.345  000.345: require('telescope.mappings')
070.359  000.166  000.166: require('telescope.pickers.highlights')
070.440  000.081  000.081: require('telescope.pickers.window')
070.787  000.146  000.146: require('telescope.algos.linked_list')
070.789  000.347  000.201: require('telescope.entry_manager')
070.860  000.071  000.071: require('telescope.pickers.multi')
070.883  002.352  000.973: require('telescope.pickers')
070.903  008.601  000.291: require('telescope.builtin.__lsp')
070.942  008.811  000.209: require('telescope.builtin')
071.025  008.910  000.100: sourcing /home/marcus/.config/nvim/after/plugin/telescope.lua
071.794  000.059  000.059: require('nvim-treesitter.highlight')
071.808  000.761  000.702: sourcing /home/marcus/.config/nvim/after/plugin/treesitter.lua
071.850  000.029  000.029: sourcing /home/marcus/.config/nvim/after/plugin/undotree.lua
071.852  000.351: loading after plugins
071.863  000.011: inits 3
074.153  002.289: reading ShaDa
074.400  000.132  000.132: require('luasnip.loaders.from_lua')
074.556  000.138  000.138: require('luasnip.loaders.from_snipmate')
074.973  000.234  000.234: require('luasnip.util.jsonc')
074.977  000.411  000.177: require('luasnip.loaders.from_vscode')
074.994  000.160: opening buffers
075.009  000.015: BufEnter autocommands
075.011  000.002: editing files in windows
075.064  000.053: VimEnter autocommands
075.065  000.002: UIEnter autocommands
075.339  000.219  000.219: sourcing /squashfs-root/usr/share/nvim/runtime/autoload/provider/clipboard.vim
075.342  000.058: before starting main loop
075.539  000.197: first screen update
075.540  000.001: --- NVIM STARTED ---


times in msec
 clock   self+sourced   self:  sourced script
 clock   elapsed:              other lines

000.009  000.009: --- NVIM STARTING ---
000.110  000.101: event init
000.237  000.127: early init
000.292  000.056: locale set
000.348  000.055: init first window
000.733  000.386: inits 1
000.743  000.009: window checked
000.747  000.005: parsing arguments
001.444  000.081  000.081: require('vim.shared')
001.619  000.065  000.065: require('vim._meta')
001.621  000.172  000.107: require('vim._editor')
001.624  000.333  000.080: require('vim._init_packages')
001.626  000.546: init lua interpreter
002.480  000.854: expanding arguments
002.548  000.068: inits 2
002.975  000.427: init highlight
